<?xml version="1.0" encoding="UTF-8"?>
<coverage generated="1677563314769" clover="3.2.0">
  <project timestamp="1677563314769" name="All files">
    <metrics statements="21" coveredstatements="13" conditionals="9" coveredconditionals="6" methods="7" coveredmethods="4" elements="37" coveredelements="23" complexity="0" loc="21" ncloc="21" packages="1" files="2" classes="2"/>
    <file name="gameboard.js" path="/home/tony/repos/Battleship/src/scripts/gameboard.js">
      <metrics statements="13" coveredstatements="12" conditionals="7" coveredconditionals="6" methods="4" coveredmethods="4"/>
      <line num="5" count="1" type="stmt"/>
      <line num="6" count="1" type="stmt"/>
      <line num="7" count="1" type="stmt"/>
      <line num="11" count="3" type="stmt"/>
      <line num="12" count="3" type="cond" truecount="4" falsecount="1"/>
      <line num="13" count="0" type="stmt"/>
      <line num="22" count="3" type="stmt"/>
      <line num="23" count="3" type="stmt"/>
      <line num="27" count="3" type="stmt"/>
      <line num="29" count="2" type="cond" truecount="2" falsecount="0"/>
      <line num="30" count="1" type="stmt"/>
      <line num="33" count="1" type="stmt"/>
      <line num="34" count="1" type="stmt"/>
    </file>
    <file name="main.js" path="/home/tony/repos/Battleship/src/scripts/main.js">
      <metrics statements="8" coveredstatements="1" conditionals="2" coveredconditionals="0" methods="3" coveredmethods="0"/>
      <line num="3" count="0" type="stmt"/>
      <line num="4" count="0" type="stmt"/>
      <line num="5" count="0" type="stmt"/>
      <line num="9" count="0" type="stmt"/>
      <line num="10" count="0" type="stmt"/>
      <line num="14" count="0" type="cond" truecount="0" falsecount="2"/>
      <line num="15" count="0" type="stmt"/>
      <line num="19" count="1" type="stmt"/>
    </file>
  </project>
</coverage>
