{"/home/tony/repos/Battleship/src/scripts/gameboard.js": {"path":"/home/tony/repos/Battleship/src/scripts/gameboard.js","statementMap":{"0":{"start":{"line":3,"column":8},"end":{"line":3,"column":21}},"1":{"start":{"line":4,"column":8},"end":{"line":4,"column":27}},"2":{"start":{"line":5,"column":8},"end":{"line":5,"column":35}},"3":{"start":{"line":12,"column":27},"end":{"line":12,"column":58}},"4":{"start":{"line":13,"column":8},"end":{"line":20,"column":9}},"5":{"start":{"line":19,"column":12},"end":{"line":19,"column":19}},"6":{"start":{"line":22,"column":8},"end":{"line":57,"column":9}},"7":{"start":{"line":22,"column":21},"end":{"line":22,"column":22}},"8":{"start":{"line":23,"column":12},"end":{"line":56,"column":13}},"9":{"start":{"line":24,"column":27},"end":{"line":31,"column":29}},"10":{"start":{"line":25,"column":32},"end":{"line":25,"column":38}},"11":{"start":{"line":27,"column":47},"end":{"line":27,"column":110}},"12":{"start":{"line":28,"column":32},"end":{"line":28,"column":72}},"13":{"start":{"line":29,"column":32},"end":{"line":29,"column":61}},"14":{"start":{"line":30,"column":32},"end":{"line":30,"column":38}},"15":{"start":{"line":32,"column":29},"end":{"line":39,"column":29}},"16":{"start":{"line":33,"column":32},"end":{"line":33,"column":38}},"17":{"start":{"line":35,"column":47},"end":{"line":35,"column":110}},"18":{"start":{"line":36,"column":32},"end":{"line":36,"column":72}},"19":{"start":{"line":37,"column":32},"end":{"line":37,"column":61}},"20":{"start":{"line":38,"column":32},"end":{"line":38,"column":38}},"21":{"start":{"line":40,"column":30},"end":{"line":47,"column":29}},"22":{"start":{"line":41,"column":32},"end":{"line":41,"column":38}},"23":{"start":{"line":43,"column":47},"end":{"line":43,"column":110}},"24":{"start":{"line":44,"column":32},"end":{"line":44,"column":72}},"25":{"start":{"line":45,"column":32},"end":{"line":45,"column":61}},"26":{"start":{"line":46,"column":32},"end":{"line":46,"column":38}},"27":{"start":{"line":48,"column":29},"end":{"line":55,"column":29}},"28":{"start":{"line":49,"column":32},"end":{"line":49,"column":38}},"29":{"start":{"line":51,"column":47},"end":{"line":51,"column":110}},"30":{"start":{"line":52,"column":32},"end":{"line":52,"column":72}},"31":{"start":{"line":53,"column":32},"end":{"line":53,"column":61}},"32":{"start":{"line":54,"column":32},"end":{"line":54,"column":38}},"33":{"start":{"line":59,"column":8},"end":{"line":59,"column":20}},"34":{"start":{"line":63,"column":26},"end":{"line":63,"column":53}},"35":{"start":{"line":63,"column":35},"end":{"line":63,"column":53}},"36":{"start":{"line":70,"column":8},"end":{"line":72,"column":9}},"37":{"start":{"line":71,"column":12},"end":{"line":71,"column":25}},"38":{"start":{"line":74,"column":8},"end":{"line":74,"column":23}},"39":{"start":{"line":75,"column":8},"end":{"line":75,"column":22}},"40":{"start":{"line":86,"column":19},"end":{"line":86,"column":21}},"41":{"start":{"line":88,"column":12},"end":{"line":88,"column":13}},"42":{"start":{"line":89,"column":12},"end":{"line":89,"column":13}},"43":{"start":{"line":91,"column":4},"end":{"line":105,"column":5}},"44":{"start":{"line":92,"column":8},"end":{"line":95,"column":9}},"45":{"start":{"line":93,"column":12},"end":{"line":93,"column":38}},"46":{"start":{"line":94,"column":12},"end":{"line":94,"column":28}},"47":{"start":{"line":97,"column":8},"end":{"line":101,"column":9}},"48":{"start":{"line":98,"column":12},"end":{"line":98,"column":38}},"49":{"start":{"line":99,"column":12},"end":{"line":99,"column":15}},"50":{"start":{"line":100,"column":12},"end":{"line":100,"column":18}},"51":{"start":{"line":103,"column":8},"end":{"line":103,"column":35}},"52":{"start":{"line":104,"column":8},"end":{"line":104,"column":11}}},"fnMap":{"0":{"name":"(anonymous_0)","decl":{"start":{"line":2,"column":4},"end":{"line":2,"column":5}},"loc":{"start":{"line":2,"column":27},"end":{"line":9,"column":5}},"line":2},"1":{"name":"(anonymous_1)","decl":{"start":{"line":11,"column":4},"end":{"line":11,"column":5}},"loc":{"start":{"line":11,"column":31},"end":{"line":60,"column":5}},"line":11},"2":{"name":"(anonymous_2)","decl":{"start":{"line":62,"column":4},"end":{"line":62,"column":5}},"loc":{"start":{"line":62,"column":24},"end":{"line":76,"column":5}},"line":62},"3":{"name":"(anonymous_3)","decl":{"start":{"line":63,"column":26},"end":{"line":63,"column":27}},"loc":{"start":{"line":63,"column":35},"end":{"line":63,"column":53}},"line":63},"4":{"name":"(anonymous_4)","decl":{"start":{"line":78,"column":4},"end":{"line":78,"column":5}},"loc":{"start":{"line":78,"column":14},"end":{"line":82,"column":5}},"line":78},"5":{"name":"createBoard","decl":{"start":{"line":85,"column":16},"end":{"line":85,"column":27}},"loc":{"start":{"line":85,"column":30},"end":{"line":106,"column":1}},"line":85}},"branchMap":{"0":{"loc":{"start":{"line":13,"column":8},"end":{"line":20,"column":9}},"type":"if","locations":[{"start":{"line":13,"column":8},"end":{"line":20,"column":9}},{"start":{},"end":{}}],"line":13},"1":{"loc":{"start":{"line":13,"column":15},"end":{"line":18,"column":40}},"type":"binary-expr","locations":[{"start":{"line":13,"column":15},"end":{"line":13,"column":26}},{"start":{"line":14,"column":15},"end":{"line":14,"column":26}},{"start":{"line":15,"column":15},"end":{"line":15,"column":27}},{"start":{"line":16,"column":15},"end":{"line":16,"column":27}},{"start":{"line":17,"column":15},"end":{"line":17,"column":32}},{"start":{"line":18,"column":15},"end":{"line":18,"column":40}}],"line":13},"2":{"loc":{"start":{"line":23,"column":12},"end":{"line":56,"column":13}},"type":"switch","locations":[{"start":{"line":24,"column":16},"end":{"line":31,"column":29}},{"start":{"line":32,"column":16},"end":{"line":39,"column":29}},{"start":{"line":40,"column":16},"end":{"line":47,"column":29}},{"start":{"line":48,"column":16},"end":{"line":55,"column":29}}],"line":23},"3":{"loc":{"start":{"line":24,"column":27},"end":{"line":31,"column":29}},"type":"if","locations":[{"start":{"line":24,"column":27},"end":{"line":31,"column":29}},{"start":{"line":26,"column":35},"end":{"line":31,"column":29}}],"line":24},"4":{"loc":{"start":{"line":32,"column":29},"end":{"line":39,"column":29}},"type":"if","locations":[{"start":{"line":32,"column":29},"end":{"line":39,"column":29}},{"start":{"line":34,"column":35},"end":{"line":39,"column":29}}],"line":32},"5":{"loc":{"start":{"line":40,"column":30},"end":{"line":47,"column":29}},"type":"if","locations":[{"start":{"line":40,"column":30},"end":{"line":47,"column":29}},{"start":{"line":42,"column":35},"end":{"line":47,"column":29}}],"line":40},"6":{"loc":{"start":{"line":48,"column":29},"end":{"line":55,"column":29}},"type":"if","locations":[{"start":{"line":48,"column":29},"end":{"line":55,"column":29}},{"start":{"line":50,"column":35},"end":{"line":55,"column":29}}],"line":48},"7":{"loc":{"start":{"line":70,"column":8},"end":{"line":72,"column":9}},"type":"if","locations":[{"start":{"line":70,"column":8},"end":{"line":72,"column":9}},{"start":{},"end":{}}],"line":70},"8":{"loc":{"start":{"line":91,"column":10},"end":{"line":91,"column":28}},"type":"binary-expr","locations":[{"start":{"line":91,"column":10},"end":{"line":91,"column":17}},{"start":{"line":91,"column":21},"end":{"line":91,"column":28}}],"line":91},"9":{"loc":{"start":{"line":92,"column":8},"end":{"line":95,"column":9}},"type":"if","locations":[{"start":{"line":92,"column":8},"end":{"line":95,"column":9}},{"start":{},"end":{}}],"line":92},"10":{"loc":{"start":{"line":92,"column":11},"end":{"line":92,"column":29}},"type":"binary-expr","locations":[{"start":{"line":92,"column":11},"end":{"line":92,"column":18}},{"start":{"line":92,"column":22},"end":{"line":92,"column":29}}],"line":92},"11":{"loc":{"start":{"line":97,"column":8},"end":{"line":101,"column":9}},"type":"if","locations":[{"start":{"line":97,"column":8},"end":{"line":101,"column":9}},{"start":{},"end":{}}],"line":97}},"s":{"0":1,"1":1,"2":1,"3":1,"4":1,"5":0,"6":1,"7":1,"8":0,"9":0,"10":0,"11":0,"12":0,"13":0,"14":0,"15":0,"16":0,"17":0,"18":0,"19":0,"20":0,"21":0,"22":0,"23":0,"24":0,"25":0,"26":0,"27":0,"28":0,"29":0,"30":0,"31":0,"32":0,"33":1,"34":0,"35":0,"36":0,"37":0,"38":0,"39":0,"40":1,"41":1,"42":1,"43":1,"44":91,"45":1,"46":1,"47":90,"48":9,"49":9,"50":9,"51":90,"52":90},"f":{"0":1,"1":1,"2":0,"3":0,"4":0,"5":1},"b":{"0":[0,1],"1":[1,1,1,1,1,1],"2":[0,0,0,0],"3":[0,0],"4":[0,0],"5":[0,0],"6":[0,0],"7":[0,0],"8":[91,91],"9":[1,90],"10":[91,9],"11":[9,81]},"_coverageSchema":"1a1c01bbd47fc00a2c39e90264f33305004495a9","hash":"c08103817329138c117eef30843a212235cc3472"}
}
