TN:
SF:src/scripts/gameboard.js
FN:2,(anonymous_0)
FN:10,(anonymous_1)
FN:57,(anonymous_2)
FN:58,(anonymous_3)
FN:73,(anonymous_4)
FN:80,createBoard
FNF:6
FNH:3
FNDA:1,(anonymous_0)
FNDA:1,(anonymous_1)
FNDA:0,(anonymous_2)
FNDA:0,(anonymous_3)
FNDA:0,(anonymous_4)
FNDA:1,createBoard
DA:3,1
DA:4,1
DA:5,1
DA:7,1
DA:11,1
DA:12,1
DA:18,0
DA:21,1
DA:22,0
DA:23,0
DA:24,0
DA:26,0
DA:27,0
DA:28,0
DA:30,0
DA:31,0
DA:33,0
DA:34,0
DA:35,0
DA:37,0
DA:38,0
DA:40,0
DA:41,0
DA:42,0
DA:44,0
DA:45,0
DA:47,0
DA:48,0
DA:49,0
DA:54,1
DA:58,0
DA:65,0
DA:66,0
DA:69,0
DA:70,0
DA:81,1
DA:83,1
DA:84,1
DA:86,1
DA:87,91
DA:88,1
DA:89,1
DA:92,90
DA:93,9
DA:94,9
DA:95,9
DA:98,90
DA:99,90
DA:102,0
LF:49
LH:21
BRDA:12,0,0,0
BRDA:12,0,1,1
BRDA:12,1,0,1
BRDA:12,1,1,1
BRDA:12,1,2,1
BRDA:12,1,3,1
BRDA:12,1,4,1
BRDA:12,1,5,1
BRDA:22,2,0,0
BRDA:22,2,1,0
BRDA:22,2,2,0
BRDA:22,2,3,0
BRDA:23,3,0,0
BRDA:23,3,1,0
BRDA:30,4,0,0
BRDA:30,4,1,0
BRDA:37,5,0,0
BRDA:37,5,1,0
BRDA:44,6,0,0
BRDA:44,6,1,0
BRDA:65,7,0,0
BRDA:65,7,1,0
BRDA:86,8,0,91
BRDA:86,8,1,91
BRDA:87,9,0,1
BRDA:87,9,1,90
BRDA:87,10,0,91
BRDA:87,10,1,9
BRDA:92,11,0,9
BRDA:92,11,1,81
BRF:30
BRH:15
end_of_record
